{
  "stats": {
    "suites": 1,
    "tests": 16,
    "passes": 14,
    "pending": 0,
    "failures": 2,
    "start": "2022-04-07T19:01:03.876Z",
    "end": "2022-04-07T19:05:37.089Z",
    "duration": 273213,
    "testsRegistered": 16,
    "passPercent": 87.5,
    "pendingPercent": 0,
    "other": 0,
    "hasOther": false,
    "skipped": 0,
    "hasSkipped": false
  },
  "results": [
    {
      "uuid": "597de2d6-f540-4991-ae27-812122c38e42",
      "title": "",
      "fullFile": "cypress/integration/kogiTest.spec.js",
      "file": "cypress/integration/kogiTest.spec.js",
      "beforeHooks": [],
      "afterHooks": [],
      "tests": [],
      "suites": [
        {
          "uuid": "716b28f1-c8b0-4da2-a1cb-11943f0dd1de",
          "title": "Kogi.se Test Suite",
          "fullFile": "",
          "file": "",
          "beforeHooks": [],
          "afterHooks": [],
          "tests": [
            {
              "title": "Add To Cart Test Flow",
              "fullTitle": "Kogi.se Test Suite Add To Cart Test Flow",
              "timedOut": null,
              "duration": 12813,
              "state": "passed",
              "speed": "slow",
              "pass": true,
              "fail": false,
              "pending": false,
              "context": null,
              "code": "buyFlow.buyFlow(cy);",
              "err": {},
              "uuid": "a5cb3420-942b-410a-8499-e0551a709284",
              "parentUUID": "716b28f1-c8b0-4da2-a1cb-11943f0dd1de",
              "isHook": false,
              "skipped": false
            },
            {
              "title": "Search - Pizza",
              "fullTitle": "Kogi.se Test Suite Search - Pizza",
              "timedOut": null,
              "duration": 5282,
              "state": "passed",
              "speed": "medium",
              "pass": true,
              "fail": false,
              "pending": false,
              "context": null,
              "code": "search.goodCopSearch(cy);",
              "err": {},
              "uuid": "ae695758-0fd1-47d5-80d0-ade10c8eaab4",
              "parentUUID": "716b28f1-c8b0-4da2-a1cb-11943f0dd1de",
              "isHook": false,
              "skipped": false
            },
            {
              "title": "Search - HTML-kod",
              "fullTitle": "Kogi.se Test Suite Search - HTML-kod",
              "timedOut": null,
              "duration": 12540,
              "state": "failed",
              "speed": null,
              "pass": false,
              "fail": true,
              "pending": false,
              "context": null,
              "code": "search.badCopSearch(cy);",
              "err": {
                "message": "AssertionError: Timed out retrying after 4000ms: expected 'Din sökning på  gav 90 träffar.\\n\\t\\t' to include '<h1 style=\"background-color:powderblue;\"><img src=\"https://marutoken.com/images/logo.png\" alt=\"Italian Trulli\">'",
                "estack": "AssertionError: Timed out retrying after 4000ms: expected 'Din sökning på  gav 90 träffar.\\n\\t\\t' to include '<h1 style=\"background-color:powderblue;\"><img src=\"https://marutoken.com/images/logo.png\" alt=\"Italian Trulli\">'\n    at Object.badCopSearch (https://kogi.e-line.nu/__cypress/tests?p=cypress\\integration\\kogiTest.spec.js:681:47)\n    at Context.eval (https://kogi.e-line.nu/__cypress/tests?p=cypress\\integration\\kogiTest.spec.js:123:12)",
                "diff": null
              },
              "uuid": "acf40e9c-d56d-457b-87ce-effead77f470",
              "parentUUID": "716b28f1-c8b0-4da2-a1cb-11943f0dd1de",
              "isHook": false,
              "skipped": false
            },
            {
              "title": "Search - Long Search Term 2041",
              "fullTitle": "Kogi.se Test Suite Search - Long Search Term 2041",
              "timedOut": null,
              "duration": 34654,
              "state": "failed",
              "speed": null,
              "pass": false,
              "fail": true,
              "pending": false,
              "context": null,
              "code": "search.LongSerchTerm(cy);",
              "err": {
                "message": "AssertionError: Timed out retrying after 4000ms: Expected to find element: `.searchResult`, but never found it.",
                "estack": "AssertionError: Timed out retrying after 4000ms: Expected to find element: `.searchResult`, but never found it.\n    at Object.LongSerchTerm (https://kogi.e-line.nu/__cypress/tests?p=cypress\\integration\\kogiTest.spec.js:687:6)\n    at Context.eval (https://kogi.e-line.nu/__cypress/tests?p=cypress\\integration\\kogiTest.spec.js:126:12)",
                "diff": null
              },
              "uuid": "5050f8a2-ec15-4dbc-b3ea-7b44e4a4f11e",
              "parentUUID": "716b28f1-c8b0-4da2-a1cb-11943f0dd1de",
              "isHook": false,
              "skipped": false
            },
            {
              "title": "Category: Rostfri Inredning",
              "fullTitle": "Kogi.se Test Suite Category: Rostfri Inredning",
              "timedOut": null,
              "duration": 6291,
              "state": "passed",
              "speed": "medium",
              "pass": true,
              "fail": false,
              "pending": false,
              "context": null,
              "code": "category.rostfri_inredning(cy);",
              "err": {},
              "uuid": "12f1d3f6-3c9c-4178-b92e-08a4de1a5ef1",
              "parentUUID": "716b28f1-c8b0-4da2-a1cb-11943f0dd1de",
              "isHook": false,
              "skipped": false
            },
            {
              "title": "Category: Beredning",
              "fullTitle": "Kogi.se Test Suite Category: Beredning",
              "timedOut": null,
              "duration": 26643,
              "state": "passed",
              "speed": "slow",
              "pass": true,
              "fail": false,
              "pending": false,
              "context": null,
              "code": "category.beredning(cy);",
              "err": {},
              "uuid": "74b05325-7815-4cca-b69f-6929c8fa5029",
              "parentUUID": "716b28f1-c8b0-4da2-a1cb-11943f0dd1de",
              "isHook": false,
              "skipped": false
            },
            {
              "title": "Category: Bryggning",
              "fullTitle": "Kogi.se Test Suite Category: Bryggning",
              "timedOut": null,
              "duration": 2637,
              "state": "passed",
              "speed": "fast",
              "pass": true,
              "fail": false,
              "pending": false,
              "context": null,
              "code": "category.bryggning(cy);",
              "err": {},
              "uuid": "ae574aae-0915-439e-8b88-e134bb59a801",
              "parentUUID": "716b28f1-c8b0-4da2-a1cb-11943f0dd1de",
              "isHook": false,
              "skipped": false
            },
            {
              "title": "Category: Diskrum",
              "fullTitle": "Kogi.se Test Suite Category: Diskrum",
              "timedOut": null,
              "duration": 2696,
              "state": "passed",
              "speed": "fast",
              "pass": true,
              "fail": false,
              "pending": false,
              "context": null,
              "code": "category.diskrum(cy);",
              "err": {},
              "uuid": "027f7b6e-c626-468e-835d-e7a1ce390305",
              "parentUUID": "716b28f1-c8b0-4da2-a1cb-11943f0dd1de",
              "isHook": false,
              "skipped": false
            },
            {
              "title": "Category: kokning",
              "fullTitle": "Kogi.se Test Suite Category: kokning",
              "timedOut": null,
              "duration": 9087,
              "state": "passed",
              "speed": "medium",
              "pass": true,
              "fail": false,
              "pending": false,
              "context": null,
              "code": "category.kokning(cy);",
              "err": {},
              "uuid": "b31d316d-22c1-4b10-bc85-952796d1ac33",
              "parentUUID": "716b28f1-c8b0-4da2-a1cb-11943f0dd1de",
              "isHook": false,
              "skipped": false
            },
            {
              "title": "Category: Kyl & frys",
              "fullTitle": "Kogi.se Test Suite Category: Kyl & frys",
              "timedOut": null,
              "duration": 45528,
              "state": "passed",
              "speed": "slow",
              "pass": true,
              "fail": false,
              "pending": false,
              "context": null,
              "code": "category.kyl_frys(cy);",
              "err": {},
              "uuid": "574ca25d-6a27-44a0-96ba-3257708ce128",
              "parentUUID": "716b28f1-c8b0-4da2-a1cb-11943f0dd1de",
              "isHook": false,
              "skipped": false
            },
            {
              "title": "Category: Steka & Grilla",
              "fullTitle": "Kogi.se Test Suite Category: Steka & Grilla",
              "timedOut": null,
              "duration": 27304,
              "state": "passed",
              "speed": "slow",
              "pass": true,
              "fail": false,
              "pending": false,
              "context": null,
              "code": "category.steka_grilla(cy);",
              "err": {},
              "uuid": "08418c3d-6a23-478f-aff0-5163ca1e87da",
              "parentUUID": "716b28f1-c8b0-4da2-a1cb-11943f0dd1de",
              "isHook": false,
              "skipped": false
            },
            {
              "title": "Category: Varmhållning",
              "fullTitle": "Kogi.se Test Suite Category: Varmhållning",
              "timedOut": null,
              "duration": 10705,
              "state": "passed",
              "speed": "slow",
              "pass": true,
              "fail": false,
              "pending": false,
              "context": null,
              "code": "category.varmhallning(cy);",
              "err": {},
              "uuid": "c5bb9bf3-55aa-4f51-89a0-e9e3b6593db0",
              "parentUUID": "716b28f1-c8b0-4da2-a1cb-11943f0dd1de",
              "isHook": false,
              "skipped": false
            },
            {
              "title": "Category: Ugnar",
              "fullTitle": "Kogi.se Test Suite Category: Ugnar",
              "timedOut": null,
              "duration": 15614,
              "state": "passed",
              "speed": "slow",
              "pass": true,
              "fail": false,
              "pending": false,
              "context": null,
              "code": "category.ugnar(cy);",
              "err": {},
              "uuid": "679aced2-6002-4760-b965-2c45332d101f",
              "parentUUID": "716b28f1-c8b0-4da2-a1cb-11943f0dd1de",
              "isHook": false,
              "skipped": false
            },
            {
              "title": "Category: Tillbehör",
              "fullTitle": "Kogi.se Test Suite Category: Tillbehör",
              "timedOut": null,
              "duration": 10746,
              "state": "passed",
              "speed": "slow",
              "pass": true,
              "fail": false,
              "pending": false,
              "context": null,
              "code": "category.tillbehor(cy);",
              "err": {},
              "uuid": "07a64363-ca1a-4733-9935-d4800096e024",
              "parentUUID": "716b28f1-c8b0-4da2-a1cb-11943f0dd1de",
              "isHook": false,
              "skipped": false
            },
            {
              "title": "Category: Reservdelar",
              "fullTitle": "Kogi.se Test Suite Category: Reservdelar",
              "timedOut": null,
              "duration": 4629,
              "state": "passed",
              "speed": "fast",
              "pass": true,
              "fail": false,
              "pending": false,
              "context": null,
              "code": "category.reservdelar(cy);",
              "err": {},
              "uuid": "7add1ad8-ed10-4e5f-b606-27822edaaa07",
              "parentUUID": "716b28f1-c8b0-4da2-a1cb-11943f0dd1de",
              "isHook": false,
              "skipped": false
            },
            {
              "title": "Category: Leverantörer",
              "fullTitle": "Kogi.se Test Suite Category: Leverantörer",
              "timedOut": null,
              "duration": 42971,
              "state": "passed",
              "speed": "slow",
              "pass": true,
              "fail": false,
              "pending": false,
              "context": null,
              "code": "category.leverantorer(cy);",
              "err": {},
              "uuid": "08815a88-b873-42af-ba20-adf314f60079",
              "parentUUID": "716b28f1-c8b0-4da2-a1cb-11943f0dd1de",
              "isHook": false,
              "skipped": false
            }
          ],
          "suites": [],
          "passes": [
            "a5cb3420-942b-410a-8499-e0551a709284",
            "ae695758-0fd1-47d5-80d0-ade10c8eaab4",
            "12f1d3f6-3c9c-4178-b92e-08a4de1a5ef1",
            "74b05325-7815-4cca-b69f-6929c8fa5029",
            "ae574aae-0915-439e-8b88-e134bb59a801",
            "027f7b6e-c626-468e-835d-e7a1ce390305",
            "b31d316d-22c1-4b10-bc85-952796d1ac33",
            "574ca25d-6a27-44a0-96ba-3257708ce128",
            "08418c3d-6a23-478f-aff0-5163ca1e87da",
            "c5bb9bf3-55aa-4f51-89a0-e9e3b6593db0",
            "679aced2-6002-4760-b965-2c45332d101f",
            "07a64363-ca1a-4733-9935-d4800096e024",
            "7add1ad8-ed10-4e5f-b606-27822edaaa07",
            "08815a88-b873-42af-ba20-adf314f60079"
          ],
          "failures": [
            "acf40e9c-d56d-457b-87ce-effead77f470",
            "5050f8a2-ec15-4dbc-b3ea-7b44e4a4f11e"
          ],
          "pending": [],
          "skipped": [],
          "duration": 270140,
          "root": false,
          "rootEmpty": false,
          "_timeout": 2000
        }
      ],
      "passes": [],
      "failures": [],
      "pending": [],
      "skipped": [],
      "duration": 0,
      "root": true,
      "rootEmpty": true,
      "_timeout": 2000
    }
  ],
  "meta": {
    "mocha": {
      "version": "7.0.1"
    },
    "mochawesome": {
      "options": {
        "quiet": false,
        "reportFilename": "mochawesome",
        "saveHtml": true,
        "saveJson": true,
        "consoleReporter": "spec",
        "useInlineDiffs": false,
        "code": true
      },
      "version": "7.1.2"
    },
    "marge": {
      "options": null,
      "version": "6.1.1"
    }
  }
}